app/build/intermediates/manifest_merge_blame_file/debug/manifest-merger-blame-debug-report.txt
1<?xml version="1.0" encoding="utf-8"?>
2<manifest xmlns:android="http://schemas.android.com/apk/res/android"
3    package="com.example.weatherapp"
4    android:versionCode="1"
5    android:versionName="1.0" >
6
7    <uses-sdk
8        android:minSdkVersion="24"
8-->src\main\AndroidManifest.xml
9        android:targetSdkVersion="33" />
9-->src\main\AndroidManifest.xml
10
11    <uses-feature android:name="android.hardware.location.network" />
11-->src\main\AndroidManifest.xml:45:5-70
11-->src\main\AndroidManifest.xml:45:19-67
12
13    <uses-permission android:name="android.permission.ACCESS_FINE_LOCATION" />
13-->src\main\AndroidManifest.xml:46:5-79
13-->src\main\AndroidManifest.xml:46:22-76
14    <uses-permission android:name="android.permission.ACCESS_COARSE_LOCATION" />
14-->src\main\AndroidManifest.xml:47:5-81
14-->src\main\AndroidManifest.xml:47:22-78
15    <uses-permission android:name="android.permission.INTERNET" />
15-->src\main\AndroidManifest.xml:48:5-67
15-->src\main\AndroidManifest.xml:48:22-64
16    <uses-permission android:name="android.permission.INTERNET" />
16-->src\main\AndroidManifest.xml:48:5-67
16-->src\main\AndroidManifest.xml:48:22-64
17    <uses-permission android:name="android.permission.ACCESS_FINE_LOCATION" />
17-->src\main\AndroidManifest.xml:46:5-79
17-->src\main\AndroidManifest.xml:46:22-76
18
19    <!-- Include required permissions for Google Maps API to run. -->
20    <uses-permission android:name="android.permission.ACCESS_NETWORK_STATE" />
20-->[com.google.android.gms:play-services-maps:17.0.0] AndroidManifest.xml:23:5-79
20-->[com.google.android.gms:play-services-maps:17.0.0] AndroidManifest.xml:23:22-76
21
22    <uses-feature
22-->[com.google.android.gms:play-services-maps:17.0.0] AndroidManifest.xml:26:5-28:35
23        android:glEsVersion="0x00020000"
23-->[com.google.android.gms:play-services-maps:17.0.0] AndroidManifest.xml:27:9-41
24        android:required="true" />
24-->[com.google.android.gms:play-services-maps:17.0.0] AndroidManifest.xml:28:9-32
25
26    <permission
26-->[androidx.core:core:1.9.0] AndroidManifest.xml:22:5-24:47
27        android:name="com.example.weatherapp.DYNAMIC_RECEIVER_NOT_EXPORTED_PERMISSION"
27-->[androidx.core:core:1.9.0] AndroidManifest.xml:23:9-81
28        android:protectionLevel="signature" />
28-->[androidx.core:core:1.9.0] AndroidManifest.xml:24:9-44
29
30    <uses-permission android:name="com.example.weatherapp.DYNAMIC_RECEIVER_NOT_EXPORTED_PERMISSION" />
30-->[androidx.core:core:1.9.0] AndroidManifest.xml:26:5-97
30-->[androidx.core:core:1.9.0] AndroidManifest.xml:26:22-94
31
32    <application
32-->src\main\AndroidManifest.xml:5:5-43:19
33        android:allowBackup="true"
33-->src\main\AndroidManifest.xml:6:9-35
34        android:appComponentFactory="androidx.core.app.CoreComponentFactory"
34-->[androidx.core:core:1.9.0] AndroidManifest.xml:28:18-86
35        android:dataExtractionRules="@xml/data_extraction_rules"
35-->src\main\AndroidManifest.xml:7:9-65
36        android:debuggable="true"
37        android:extractNativeLibs="false"
38        android:fullBackupContent="@xml/backup_rules"
38-->src\main\AndroidManifest.xml:8:9-54
39        android:icon="@drawable/newicon"
39-->src\main\AndroidManifest.xml:9:9-41
40        android:label="@string/app_name"
40-->src\main\AndroidManifest.xml:10:9-41
41        android:roundIcon="@drawable/newiconround"
41-->src\main\AndroidManifest.xml:11:9-51
42        android:supportsRtl="true"
42-->src\main\AndroidManifest.xml:12:9-35
43        android:testOnly="true"
44        android:theme="@style/Theme.WeatherApp" >
44-->src\main\AndroidManifest.xml:13:9-48
45        <activity
45-->src\main\AndroidManifest.xml:15:9-21:20
46            android:name="com.example.weatherapp.list_view"
46-->src\main\AndroidManifest.xml:16:13-60
47            android:exported="false" >
47-->src\main\AndroidManifest.xml:17:13-37
48            <meta-data
48-->src\main\AndroidManifest.xml:18:13-20:36
49                android:name="android.app.lib_name"
49-->src\main\AndroidManifest.xml:19:17-52
50                android:value="" />
50-->src\main\AndroidManifest.xml:20:17-33
51        </activity>
52        <activity
52-->src\main\AndroidManifest.xml:22:9-28:20
53            android:name="com.example.weatherapp.activity_manage"
53-->src\main\AndroidManifest.xml:23:13-66
54            android:exported="false" >
54-->src\main\AndroidManifest.xml:24:13-37
55            <meta-data
55-->src\main\AndroidManifest.xml:18:13-20:36
56                android:name="android.app.lib_name"
56-->src\main\AndroidManifest.xml:19:17-52
57                android:value="" />
57-->src\main\AndroidManifest.xml:20:17-33
58        </activity>
59        <activity
59-->src\main\AndroidManifest.xml:29:9-42:20
60            android:name="com.example.weatherapp.MainActivity"
60-->src\main\AndroidManifest.xml:30:13-63
61            android:exported="true"
61-->src\main\AndroidManifest.xml:31:13-36
62            android:windowSoftInputMode="adjustPan" >
62-->src\main\AndroidManifest.xml:32:13-52
63 >
64            <intent-filter>
64-->src\main\AndroidManifest.xml:33:13-37:29
65                <action android:name="android.intent.action.MAIN" />
65-->src\main\AndroidManifest.xml:34:17-69
65-->src\main\AndroidManifest.xml:34:25-66
66
67                <category android:name="android.intent.category.LAUNCHER" />
67-->src\main\AndroidManifest.xml:36:17-77
67-->src\main\AndroidManifest.xml:36:27-74
68            </intent-filter>
69
70            <meta-data
70-->src\main\AndroidManifest.xml:18:13-20:36
71                android:name="android.app.lib_name"
71-->src\main\AndroidManifest.xml:19:17-52
72                android:value="" />
72-->src\main\AndroidManifest.xml:20:17-33
73        </activity>
74        <!-- Needs to be explicitly declared on P+ -->
75        <uses-library
75-->[com.google.android.gms:play-services-maps:17.0.0] AndroidManifest.xml:33:9-35:40
76            android:name="org.apache.http.legacy"
76-->[com.google.android.gms:play-services-maps:17.0.0] AndroidManifest.xml:34:13-50
77            android:required="false" />
77-->[com.google.android.gms:play-services-maps:17.0.0] AndroidManifest.xml:35:13-37
78
79        <activity
79-->[com.google.android.gms:play-services-base:17.0.0] AndroidManifest.xml:23:9-26:75
80            android:name="com.google.android.gms.common.api.GoogleApiActivity"
80-->[com.google.android.gms:play-services-base:17.0.0] AndroidManifest.xml:24:13-79
81            android:exported="false"
81-->[com.google.android.gms:play-services-base:17.0.0] AndroidManifest.xml:25:13-37
82            android:theme="@android:style/Theme.Translucent.NoTitleBar" />
82-->[com.google.android.gms:play-services-base:17.0.0] AndroidManifest.xml:26:13-72
83
84        <meta-data
84-->[com.google.android.gms:play-services-basement:17.0.0] AndroidManifest.xml:23:9-25:69
85            android:name="com.google.android.gms.version"
85-->[com.google.android.gms:play-services-basement:17.0.0] AndroidManifest.xml:24:13-58
86            android:value="@integer/google_play_services_version" />
86-->[com.google.android.gms:play-services-basement:17.0.0] AndroidManifest.xml:25:13-66
87
88        <provider
88-->[androidx.emoji2:emoji2:1.2.0] AndroidManifest.xml:24:9-32:20
89            android:name="androidx.startup.InitializationProvider"
89-->[androidx.emoji2:emoji2:1.2.0] AndroidManifest.xml:25:13-67
90            android:authorities="com.example.weatherapp.androidx-startup"
90-->[androidx.emoji2:emoji2:1.2.0] AndroidManifest.xml:26:13-68
91            android:exported="false" >
91-->[androidx.emoji2:emoji2:1.2.0] AndroidManifest.xml:27:13-37
92            <meta-data
92-->[androidx.emoji2:emoji2:1.2.0] AndroidManifest.xml:29:13-31:52
93                android:name="androidx.emoji2.text.EmojiCompatInitializer"
93-->[androidx.emoji2:emoji2:1.2.0] AndroidManifest.xml:30:17-75
94                android:value="androidx.startup" />
94-->[androidx.emoji2:emoji2:1.2.0] AndroidManifest.xml:31:17-49
95            <meta-data
95-->[androidx.lifecycle:lifecycle-process:2.4.1] AndroidManifest.xml:31:13-33:52
96                android:name="androidx.lifecycle.ProcessLifecycleInitializer"
96-->[androidx.lifecycle:lifecycle-process:2.4.1] AndroidManifest.xml:32:17-78
97                android:value="androidx.startup" />
97-->[androidx.lifecycle:lifecycle-process:2.4.1] AndroidManifest.xml:33:17-49
98        </provider>
99
100        <uses-library
100-->[androidx.window:window:1.0.0] AndroidManifest.xml:25:9-27:40
101            android:name="androidx.window.extensions"
101-->[androidx.window:window:1.0.0] AndroidManifest.xml:26:13-54
102            android:required="false" />
102-->[androidx.window:window:1.0.0] AndroidManifest.xml:27:13-37
103        <uses-library
103-->[androidx.window:window:1.0.0] AndroidManifest.xml:28:9-30:40
104            android:name="androidx.window.sidecar"
104-->[androidx.window:window:1.0.0] AndroidManifest.xml:29:13-51
105            android:required="false" />
105-->[androidx.window:window:1.0.0] AndroidManifest.xml:30:13-37
106    </application>
107
108</manifest>